<?xml version="1.0" encoding="UTF-8"?>
<testng-results skipped="0" failed="0" total="1" passed="1">
  <reporter-output>
  </reporter-output>
  <suite name="Command line suite" duration-ms="32" started-at="2014-08-01T15:24:43Z" finished-at="2014-08-01T15:24:43Z">
    <groups>
    </groups>
    <test name="Command line test" duration-ms="32" started-at="2014-08-01T15:24:43Z" finished-at="2014-08-01T15:24:43Z">
      <class name="de.imise.util.PairTest">
        <test-method status="PASS" signature="getFirstItemTest()" name="getFirstItemTest" duration-ms="16" started-at="2014-08-01T15:24:43Z" finished-at="2014-08-01T15:24:43Z">
        </test-method>
      </class>
    </test>
  </suite>
</testng-results>
